<?xml version="1.0" encoding="UTF-8"?>
<coverage generated="1622219168312" clover="3.2.0">
  <project timestamp="1622219168313" name="All files">
    <metrics statements="53" coveredstatements="27" conditionals="23" coveredconditionals="8" methods="31" coveredmethods="11" elements="107" coveredelements="46" complexity="0" loc="53" ncloc="53" packages="1" files="2" classes="2"/>
    <file name="index.tsx" path="/Users/vnues/我的开源项目/dynamic-form/src/index.tsx">
      <metrics statements="22" coveredstatements="19" conditionals="16" coveredconditionals="8" methods="4" coveredmethods="4"/>
      <line num="51" count="6" type="stmt"/>
      <line num="52" count="6" type="cond" truecount="1" falsecount="1"/>
      <line num="53" count="0" type="stmt"/>
      <line num="55" count="6" type="cond" truecount="1" falsecount="1"/>
      <line num="56" count="0" type="stmt"/>
      <line num="59" count="6" type="stmt"/>
      <line num="60" count="6" type="cond" truecount="1" falsecount="1"/>
      <line num="61" count="6" type="cond" truecount="1" falsecount="1"/>
      <line num="65" count="6" type="stmt"/>
      <line num="66" count="6" type="stmt"/>
      <line num="69" count="6" type="stmt"/>
      <line num="70" count="6" type="stmt"/>
      <line num="71" count="6" type="cond" truecount="1" falsecount="1"/>
      <line num="72" count="0" type="stmt"/>
      <line num="74" count="6" type="stmt"/>
      <line num="75" count="6" type="stmt"/>
      <line num="76" count="6" type="cond" truecount="1" falsecount="1"/>
      <line num="78" count="6" type="stmt"/>
      <line num="79" count="6" type="stmt"/>
      <line num="81" count="6" type="stmt"/>
      <line num="82" count="6" type="stmt"/>
      <line num="84" count="6" type="stmt"/>
    </file>
    <file name="utils.ts" path="/Users/vnues/我的开源项目/dynamic-form/src/utils.ts">
      <metrics statements="31" coveredstatements="8" conditionals="7" coveredconditionals="0" methods="27" coveredmethods="7"/>
      <line num="57" count="6" type="stmt"/>
      <line num="84" count="0" type="stmt"/>
      <line num="90" count="0" type="stmt"/>
      <line num="91" count="0" type="stmt"/>
      <line num="99" count="0" type="stmt"/>
      <line num="105" count="0" type="stmt"/>
      <line num="108" count="0" type="stmt"/>
      <line num="111" count="0" type="stmt"/>
      <line num="122" count="0" type="cond" truecount="0" falsecount="4"/>
      <line num="123" count="0" type="stmt"/>
      <line num="132" count="0" type="stmt"/>
      <line num="137" count="0" type="stmt"/>
      <line num="141" count="0" type="stmt"/>
      <line num="144" count="0" type="stmt"/>
      <line num="147" count="0" type="stmt"/>
      <line num="150" count="1" type="stmt"/>
      <line num="153" count="0" type="stmt"/>
      <line num="157" count="1" type="stmt"/>
      <line num="160" count="0" type="stmt"/>
      <line num="166" count="1" type="stmt"/>
      <line num="169" count="0" type="stmt"/>
      <line num="172" count="0" type="stmt"/>
      <line num="176" count="0" type="stmt"/>
      <line num="181" count="0" type="stmt"/>
      <line num="184" count="1" type="stmt"/>
      <line num="190" count="0" type="stmt"/>
      <line num="194" count="0" type="stmt"/>
      <line num="198" count="1" type="stmt"/>
      <line num="202" count="1" type="stmt"/>
      <line num="206" count="0" type="stmt"/>
      <line num="214" count="12" type="stmt"/>
    </file>
  </project>
</coverage>
