{"/Users/vnues/我的开源项目/dynamic-form/src/index.tsx": {"path":"/Users/vnues/我的开源项目/dynamic-form/src/index.tsx","statementMap":{"0":{"start":{"line":51,"column":23},"end":{"line":51,"column":25}},"1":{"start":{"line":52,"column":2},"end":{"line":54,"column":3}},"2":{"start":{"line":53,"column":4},"end":{"line":53,"column":71}},"3":{"start":{"line":55,"column":2},"end":{"line":57,"column":3}},"4":{"start":{"line":56,"column":4},"end":{"line":56,"column":69}},"5":{"start":{"line":59,"column":21},"end":{"line":59,"column":49}},"6":{"start":{"line":60,"column":2},"end":{"line":64,"column":3}},"7":{"start":{"line":61,"column":4},"end":{"line":63,"column":55}},"8":{"start":{"line":65,"column":18},"end":{"line":65,"column":104}},"9":{"start":{"line":66,"column":2},"end":{"line":66,"column":28}},"10":{"start":{"line":69,"column":23},"end":{"line":85,"column":1}},"11":{"start":{"line":70,"column":17},"end":{"line":83,"column":3}},"12":{"start":{"line":71,"column":4},"end":{"line":73,"column":5}},"13":{"start":{"line":72,"column":6},"end":{"line":72,"column":21}},"14":{"start":{"line":74,"column":23},"end":{"line":80,"column":6}},"15":{"start":{"line":75,"column":17},"end":{"line":75,"column":55}},"16":{"start":{"line":76,"column":25},"end":{"line":76,"column":58}},"17":{"start":{"line":78,"column":22},"end":{"line":78,"column":103}},"18":{"start":{"line":79,"column":6},"end":{"line":79,"column":22}},"19":{"start":{"line":81,"column":4},"end":{"line":81,"column":46}},"20":{"start":{"line":82,"column":4},"end":{"line":82,"column":42}},"21":{"start":{"line":84,"column":2},"end":{"line":84,"column":30}}},"fnMap":{"0":{"name":"processSubmitOrReset","decl":{"start":{"line":46,"column":9},"end":{"line":46,"column":29}},"loc":{"start":{"line":50,"column":2},"end":{"line":67,"column":1}},"line":50},"1":{"name":"(anonymous_1)","decl":{"start":{"line":69,"column":23},"end":{"line":69,"column":24}},"loc":{"start":{"line":69,"column":57},"end":{"line":85,"column":1}},"line":69},"2":{"name":"(anonymous_2)","decl":{"start":{"line":70,"column":17},"end":{"line":70,"column":18}},"loc":{"start":{"line":70,"column":46},"end":{"line":83,"column":3}},"line":70},"3":{"name":"(anonymous_3)","decl":{"start":{"line":74,"column":40},"end":{"line":74,"column":41}},"loc":{"start":{"line":74,"column":76},"end":{"line":80,"column":5}},"line":74}},"branchMap":{"0":{"loc":{"start":{"line":52,"column":2},"end":{"line":54,"column":3}},"type":"if","locations":[{"start":{"line":52,"column":2},"end":{"line":54,"column":3}},{"start":{"line":52,"column":2},"end":{"line":54,"column":3}}],"line":52},"1":{"loc":{"start":{"line":55,"column":2},"end":{"line":57,"column":3}},"type":"if","locations":[{"start":{"line":55,"column":2},"end":{"line":57,"column":3}},{"start":{"line":55,"column":2},"end":{"line":57,"column":3}}],"line":55},"2":{"loc":{"start":{"line":60,"column":2},"end":{"line":64,"column":3}},"type":"if","locations":[{"start":{"line":60,"column":2},"end":{"line":64,"column":3}},{"start":{"line":60,"column":2},"end":{"line":64,"column":3}}],"line":60},"3":{"loc":{"start":{"line":61,"column":27},"end":{"line":63,"column":55}},"type":"cond-expr","locations":[{"start":{"line":62,"column":8},"end":{"line":62,"column":94}},{"start":{"line":63,"column":8},"end":{"line":63,"column":55}}],"line":61},"4":{"loc":{"start":{"line":62,"column":46},"end":{"line":62,"column":93}},"type":"binary-expr","locations":[{"start":{"line":62,"column":46},"end":{"line":62,"column":65}},{"start":{"line":62,"column":69},"end":{"line":62,"column":93}}],"line":62},"5":{"loc":{"start":{"line":63,"column":8},"end":{"line":63,"column":55}},"type":"binary-expr","locations":[{"start":{"line":63,"column":8},"end":{"line":63,"column":27}},{"start":{"line":63,"column":31},"end":{"line":63,"column":55}}],"line":63},"6":{"loc":{"start":{"line":71,"column":4},"end":{"line":73,"column":5}},"type":"if","locations":[{"start":{"line":71,"column":4},"end":{"line":73,"column":5}},{"start":{"line":71,"column":4},"end":{"line":73,"column":5}}],"line":71},"7":{"loc":{"start":{"line":76,"column":25},"end":{"line":76,"column":58}},"type":"cond-expr","locations":[{"start":{"line":76,"column":32},"end":{"line":76,"column":51}},{"start":{"line":76,"column":54},"end":{"line":76,"column":58}}],"line":76}},"s":{"0":6,"1":6,"2":0,"3":6,"4":0,"5":6,"6":6,"7":6,"8":6,"9":6,"10":6,"11":6,"12":6,"13":0,"14":6,"15":6,"16":6,"17":6,"18":6,"19":6,"20":6,"21":6},"f":{"0":6,"1":6,"2":6,"3":6},"b":{"0":[0,6],"1":[0,6],"2":[6,0],"3":[0,6],"4":[0,0],"5":[6,6],"6":[0,6],"7":[6,0]},"_coverageSchema":"1a1c01bbd47fc00a2c39e90264f33305004495a9","hash":"1ee39f33a10c0b8dc0553ad42bbee48ae42319c4"}
,"/Users/vnues/我的开源项目/dynamic-form/src/utils.ts": {"path":"/Users/vnues/我的开源项目/dynamic-form/src/utils.ts","statementMap":{"0":{"start":{"line":57,"column":53},"end":{"line":81,"column":1}},"1":{"start":{"line":84,"column":2},"end":{"line":95,"column":3}},"2":{"start":{"line":90,"column":8},"end":{"line":90,"column":32}},"3":{"start":{"line":91,"column":8},"end":{"line":91,"column":24}},"4":{"start":{"line":99,"column":2},"end":{"line":116,"column":3}},"5":{"start":{"line":105,"column":8},"end":{"line":112,"column":12}},"6":{"start":{"line":108,"column":12},"end":{"line":108,"column":27}},"7":{"start":{"line":111,"column":12},"end":{"line":111,"column":24}},"8":{"start":{"line":122,"column":2},"end":{"line":131,"column":3}},"9":{"start":{"line":123,"column":4},"end":{"line":130,"column":5}},"10":{"start":{"line":132,"column":2},"end":{"line":132,"column":39}},"11":{"start":{"line":137,"column":2},"end":{"line":137,"column":33}},"12":{"start":{"line":141,"column":2},"end":{"line":141,"column":37}},"13":{"start":{"line":144,"column":2},"end":{"line":144,"column":46}},"14":{"start":{"line":147,"column":2},"end":{"line":147,"column":36}},"15":{"start":{"line":150,"column":2},"end":{"line":150,"column":45}},"16":{"start":{"line":153,"column":2},"end":{"line":153,"column":39}},"17":{"start":{"line":157,"column":2},"end":{"line":157,"column":31}},"18":{"start":{"line":160,"column":2},"end":{"line":160,"column":31}},"19":{"start":{"line":166,"column":2},"end":{"line":166,"column":31}},"20":{"start":{"line":169,"column":2},"end":{"line":169,"column":35}},"21":{"start":{"line":172,"column":2},"end":{"line":172,"column":47}},"22":{"start":{"line":176,"column":2},"end":{"line":176,"column":35}},"23":{"start":{"line":181,"column":2},"end":{"line":181,"column":36}},"24":{"start":{"line":184,"column":2},"end":{"line":184,"column":29}},"25":{"start":{"line":190,"column":2},"end":{"line":190,"column":47}},"26":{"start":{"line":194,"column":2},"end":{"line":194,"column":35}},"27":{"start":{"line":198,"column":2},"end":{"line":198,"column":43}},"28":{"start":{"line":202,"column":2},"end":{"line":202,"column":30}},"29":{"start":{"line":206,"column":2},"end":{"line":206,"column":33}},"30":{"start":{"line":214,"column":2},"end":{"line":214,"column":42}}},"fnMap":{"0":{"name":"generateResetComponent","decl":{"start":{"line":83,"column":9},"end":{"line":83,"column":31}},"loc":{"start":{"line":83,"column":74},"end":{"line":96,"column":1}},"line":83},"1":{"name":"(anonymous_1)","decl":{"start":{"line":89,"column":15},"end":{"line":89,"column":16}},"loc":{"start":{"line":89,"column":21},"end":{"line":92,"column":7}},"line":89},"2":{"name":"generateSubmitComponent","decl":{"start":{"line":98,"column":9},"end":{"line":98,"column":32}},"loc":{"start":{"line":98,"column":77},"end":{"line":117,"column":1}},"line":98},"3":{"name":"(anonymous_3)","decl":{"start":{"line":104,"column":15},"end":{"line":104,"column":16}},"loc":{"start":{"line":104,"column":21},"end":{"line":113,"column":7}},"line":104},"4":{"name":"(anonymous_4)","decl":{"start":{"line":107,"column":16},"end":{"line":107,"column":17}},"loc":{"start":{"line":107,"column":22},"end":{"line":109,"column":11}},"line":107},"5":{"name":"(anonymous_5)","decl":{"start":{"line":110,"column":17},"end":{"line":110,"column":18}},"loc":{"start":{"line":110,"column":23},"end":{"line":112,"column":11}},"line":110},"6":{"name":"generateTextAreaComponent","decl":{"start":{"line":120,"column":9},"end":{"line":120,"column":34}},"loc":{"start":{"line":120,"column":84},"end":{"line":133,"column":1}},"line":120},"7":{"name":"generatetransferComponent","decl":{"start":{"line":135,"column":9},"end":{"line":135,"column":34}},"loc":{"start":{"line":135,"column":84},"end":{"line":138,"column":1}},"line":135},"8":{"name":"generateAutoCompleteComponent","decl":{"start":{"line":140,"column":9},"end":{"line":140,"column":38}},"loc":{"start":{"line":140,"column":88},"end":{"line":142,"column":1}},"line":140},"9":{"name":"generateRadioComponent","decl":{"start":{"line":143,"column":9},"end":{"line":143,"column":31}},"loc":{"start":{"line":143,"column":81},"end":{"line":145,"column":1}},"line":143},"10":{"name":"generateRadioGroupComponent","decl":{"start":{"line":146,"column":9},"end":{"line":146,"column":36}},"loc":{"start":{"line":146,"column":86},"end":{"line":148,"column":1}},"line":146},"11":{"name":"generateCheckboxComponent","decl":{"start":{"line":149,"column":9},"end":{"line":149,"column":34}},"loc":{"start":{"line":149,"column":84},"end":{"line":151,"column":1}},"line":149},"12":{"name":"generateCheckboxGroupComponent","decl":{"start":{"line":152,"column":9},"end":{"line":152,"column":39}},"loc":{"start":{"line":152,"column":89},"end":{"line":154,"column":1}},"line":152},"13":{"name":"generateSwitchComponent","decl":{"start":{"line":156,"column":9},"end":{"line":156,"column":32}},"loc":{"start":{"line":156,"column":82},"end":{"line":158,"column":1}},"line":156},"14":{"name":"generateSelectComponent","decl":{"start":{"line":159,"column":9},"end":{"line":159,"column":32}},"loc":{"start":{"line":159,"column":82},"end":{"line":161,"column":1}},"line":159},"15":{"name":"generateSliderComponent","decl":{"start":{"line":163,"column":9},"end":{"line":163,"column":32}},"loc":{"start":{"line":163,"column":82},"end":{"line":167,"column":1}},"line":163},"16":{"name":"generateDatePickerComponent","decl":{"start":{"line":168,"column":9},"end":{"line":168,"column":36}},"loc":{"start":{"line":168,"column":86},"end":{"line":170,"column":1}},"line":168},"17":{"name":"generateRangePickerComponent","decl":{"start":{"line":171,"column":9},"end":{"line":171,"column":37}},"loc":{"start":{"line":171,"column":87},"end":{"line":173,"column":1}},"line":171},"18":{"name":"generateTimePickerComponent","decl":{"start":{"line":174,"column":9},"end":{"line":174,"column":36}},"loc":{"start":{"line":174,"column":86},"end":{"line":177,"column":1}},"line":174},"19":{"name":"generateInputNumberComponent","decl":{"start":{"line":180,"column":9},"end":{"line":180,"column":37}},"loc":{"start":{"line":180,"column":87},"end":{"line":182,"column":1}},"line":180},"20":{"name":"generateRateComponent","decl":{"start":{"line":183,"column":9},"end":{"line":183,"column":30}},"loc":{"start":{"line":183,"column":80},"end":{"line":185,"column":1}},"line":183},"21":{"name":"generateUploadComponent","decl":{"start":{"line":189,"column":9},"end":{"line":189,"column":32}},"loc":{"start":{"line":189,"column":82},"end":{"line":191,"column":1}},"line":189},"22":{"name":"generateTreeSelectComponent","decl":{"start":{"line":193,"column":9},"end":{"line":193,"column":36}},"loc":{"start":{"line":193,"column":86},"end":{"line":195,"column":1}},"line":193},"23":{"name":"generateButtonComponent","decl":{"start":{"line":197,"column":9},"end":{"line":197,"column":32}},"loc":{"start":{"line":197,"column":82},"end":{"line":199,"column":1}},"line":197},"24":{"name":"generateInputComponent","decl":{"start":{"line":201,"column":9},"end":{"line":201,"column":31}},"loc":{"start":{"line":201,"column":81},"end":{"line":203,"column":1}},"line":201},"25":{"name":"generateCascaderComponent","decl":{"start":{"line":205,"column":9},"end":{"line":205,"column":34}},"loc":{"start":{"line":205,"column":84},"end":{"line":207,"column":1}},"line":205},"26":{"name":"generateFormItemComponent","decl":{"start":{"line":209,"column":9},"end":{"line":209,"column":34}},"loc":{"start":{"line":213,"column":2},"end":{"line":215,"column":1}},"line":213}},"branchMap":{"0":{"loc":{"start":{"line":122,"column":2},"end":{"line":131,"column":3}},"type":"if","locations":[{"start":{"line":122,"column":2},"end":{"line":131,"column":3}},{"start":{"line":122,"column":2},"end":{"line":131,"column":3}}],"line":122},"1":{"loc":{"start":{"line":122,"column":6},"end":{"line":122,"column":52}},"type":"binary-expr","locations":[{"start":{"line":122,"column":6},"end":{"line":122,"column":17}},{"start":{"line":122,"column":21},"end":{"line":122,"column":52}}],"line":122},"2":{"loc":{"start":{"line":127,"column":34},"end":{"line":127,"column":107}},"type":"binary-expr","locations":[{"start":{"line":127,"column":34},"end":{"line":127,"column":48}},{"start":{"line":127,"column":53},"end":{"line":127,"column":71}},{"start":{"line":127,"column":76},"end":{"line":127,"column":105}}],"line":127}},"s":{"0":6,"1":0,"2":0,"3":0,"4":0,"5":0,"6":0,"7":0,"8":0,"9":0,"10":0,"11":0,"12":0,"13":0,"14":0,"15":1,"16":0,"17":1,"18":0,"19":1,"20":0,"21":0,"22":0,"23":0,"24":1,"25":0,"26":0,"27":1,"28":1,"29":0,"30":12},"f":{"0":0,"1":0,"2":0,"3":0,"4":0,"5":0,"6":0,"7":0,"8":0,"9":0,"10":0,"11":1,"12":0,"13":1,"14":0,"15":1,"16":0,"17":0,"18":0,"19":0,"20":1,"21":0,"22":0,"23":1,"24":1,"25":0,"26":12},"b":{"0":[0,0],"1":[0,0],"2":[0,0,0]},"_coverageSchema":"1a1c01bbd47fc00a2c39e90264f33305004495a9","hash":"2e8a020943e85f4ee784fd1ed6546021717e25e9"}
}
