{"/Users/vnues/我的开源项目/dynamic-form/src/index.tsx": {"path":"/Users/vnues/我的开源项目/dynamic-form/src/index.tsx","statementMap":{"0":{"start":{"line":65,"column":23},"end":{"line":65,"column":25}},"1":{"start":{"line":66,"column":2},"end":{"line":68,"column":3}},"2":{"start":{"line":67,"column":4},"end":{"line":67,"column":71}},"3":{"start":{"line":69,"column":2},"end":{"line":71,"column":3}},"4":{"start":{"line":70,"column":4},"end":{"line":70,"column":69}},"5":{"start":{"line":73,"column":21},"end":{"line":73,"column":49}},"6":{"start":{"line":74,"column":2},"end":{"line":78,"column":3}},"7":{"start":{"line":75,"column":4},"end":{"line":77,"column":55}},"8":{"start":{"line":79,"column":18},"end":{"line":79,"column":104}},"9":{"start":{"line":80,"column":2},"end":{"line":80,"column":28}},"10":{"start":{"line":83,"column":23},"end":{"line":99,"column":1}},"11":{"start":{"line":84,"column":17},"end":{"line":97,"column":3}},"12":{"start":{"line":85,"column":4},"end":{"line":87,"column":5}},"13":{"start":{"line":86,"column":6},"end":{"line":86,"column":21}},"14":{"start":{"line":88,"column":23},"end":{"line":94,"column":6}},"15":{"start":{"line":89,"column":17},"end":{"line":89,"column":55}},"16":{"start":{"line":90,"column":25},"end":{"line":90,"column":58}},"17":{"start":{"line":92,"column":22},"end":{"line":92,"column":103}},"18":{"start":{"line":93,"column":6},"end":{"line":93,"column":22}},"19":{"start":{"line":95,"column":4},"end":{"line":95,"column":46}},"20":{"start":{"line":96,"column":4},"end":{"line":96,"column":42}},"21":{"start":{"line":98,"column":2},"end":{"line":98,"column":30}}},"fnMap":{"0":{"name":"processSubmitOrReset","decl":{"start":{"line":60,"column":9},"end":{"line":60,"column":29}},"loc":{"start":{"line":64,"column":2},"end":{"line":81,"column":1}},"line":64},"1":{"name":"(anonymous_1)","decl":{"start":{"line":83,"column":23},"end":{"line":83,"column":24}},"loc":{"start":{"line":83,"column":57},"end":{"line":99,"column":1}},"line":83},"2":{"name":"(anonymous_2)","decl":{"start":{"line":84,"column":17},"end":{"line":84,"column":18}},"loc":{"start":{"line":84,"column":46},"end":{"line":97,"column":3}},"line":84},"3":{"name":"(anonymous_3)","decl":{"start":{"line":88,"column":40},"end":{"line":88,"column":41}},"loc":{"start":{"line":88,"column":76},"end":{"line":94,"column":5}},"line":88}},"branchMap":{"0":{"loc":{"start":{"line":66,"column":2},"end":{"line":68,"column":3}},"type":"if","locations":[{"start":{"line":66,"column":2},"end":{"line":68,"column":3}},{"start":{"line":66,"column":2},"end":{"line":68,"column":3}}],"line":66},"1":{"loc":{"start":{"line":69,"column":2},"end":{"line":71,"column":3}},"type":"if","locations":[{"start":{"line":69,"column":2},"end":{"line":71,"column":3}},{"start":{"line":69,"column":2},"end":{"line":71,"column":3}}],"line":69},"2":{"loc":{"start":{"line":74,"column":2},"end":{"line":78,"column":3}},"type":"if","locations":[{"start":{"line":74,"column":2},"end":{"line":78,"column":3}},{"start":{"line":74,"column":2},"end":{"line":78,"column":3}}],"line":74},"3":{"loc":{"start":{"line":75,"column":27},"end":{"line":77,"column":55}},"type":"cond-expr","locations":[{"start":{"line":76,"column":8},"end":{"line":76,"column":94}},{"start":{"line":77,"column":8},"end":{"line":77,"column":55}}],"line":75},"4":{"loc":{"start":{"line":76,"column":46},"end":{"line":76,"column":93}},"type":"binary-expr","locations":[{"start":{"line":76,"column":46},"end":{"line":76,"column":65}},{"start":{"line":76,"column":69},"end":{"line":76,"column":93}}],"line":76},"5":{"loc":{"start":{"line":77,"column":8},"end":{"line":77,"column":55}},"type":"binary-expr","locations":[{"start":{"line":77,"column":8},"end":{"line":77,"column":27}},{"start":{"line":77,"column":31},"end":{"line":77,"column":55}}],"line":77},"6":{"loc":{"start":{"line":85,"column":4},"end":{"line":87,"column":5}},"type":"if","locations":[{"start":{"line":85,"column":4},"end":{"line":87,"column":5}},{"start":{"line":85,"column":4},"end":{"line":87,"column":5}}],"line":85},"7":{"loc":{"start":{"line":90,"column":25},"end":{"line":90,"column":58}},"type":"cond-expr","locations":[{"start":{"line":90,"column":32},"end":{"line":90,"column":51}},{"start":{"line":90,"column":54},"end":{"line":90,"column":58}}],"line":90}},"s":{"0":17,"1":17,"2":0,"3":17,"4":0,"5":17,"6":17,"7":17,"8":17,"9":17,"10":17,"11":17,"12":17,"13":0,"14":17,"15":17,"16":17,"17":17,"18":17,"19":17,"20":17,"21":17},"f":{"0":17,"1":17,"2":17,"3":17},"b":{"0":[0,17],"1":[0,17],"2":[17,0],"3":[0,17],"4":[0,0],"5":[17,17],"6":[0,17],"7":[17,0]},"_coverageSchema":"1a1c01bbd47fc00a2c39e90264f33305004495a9","hash":"93cd80867f8cafdd18828bc365b0aedcd728c9cf"}
,"/Users/vnues/我的开源项目/dynamic-form/src/utils.ts": {"path":"/Users/vnues/我的开源项目/dynamic-form/src/utils.ts","statementMap":{"0":{"start":{"line":58,"column":53},"end":{"line":83,"column":1}},"1":{"start":{"line":86,"column":2},"end":{"line":97,"column":3}},"2":{"start":{"line":92,"column":8},"end":{"line":92,"column":32}},"3":{"start":{"line":93,"column":8},"end":{"line":93,"column":24}},"4":{"start":{"line":101,"column":2},"end":{"line":118,"column":3}},"5":{"start":{"line":107,"column":8},"end":{"line":114,"column":12}},"6":{"start":{"line":110,"column":12},"end":{"line":110,"column":27}},"7":{"start":{"line":113,"column":12},"end":{"line":113,"column":24}},"8":{"start":{"line":124,"column":2},"end":{"line":133,"column":3}},"9":{"start":{"line":125,"column":4},"end":{"line":132,"column":5}},"10":{"start":{"line":134,"column":2},"end":{"line":134,"column":39}},"11":{"start":{"line":139,"column":2},"end":{"line":139,"column":33}},"12":{"start":{"line":143,"column":2},"end":{"line":143,"column":37}},"13":{"start":{"line":146,"column":2},"end":{"line":146,"column":42}},"14":{"start":{"line":149,"column":2},"end":{"line":149,"column":36}},"15":{"start":{"line":152,"column":2},"end":{"line":152,"column":45}},"16":{"start":{"line":155,"column":2},"end":{"line":155,"column":39}},"17":{"start":{"line":159,"column":2},"end":{"line":159,"column":31}},"18":{"start":{"line":162,"column":2},"end":{"line":162,"column":31}},"19":{"start":{"line":168,"column":2},"end":{"line":168,"column":31}},"20":{"start":{"line":171,"column":2},"end":{"line":171,"column":35}},"21":{"start":{"line":174,"column":2},"end":{"line":174,"column":47}},"22":{"start":{"line":178,"column":2},"end":{"line":178,"column":35}},"23":{"start":{"line":183,"column":2},"end":{"line":183,"column":36}},"24":{"start":{"line":186,"column":2},"end":{"line":186,"column":29}},"25":{"start":{"line":192,"column":2},"end":{"line":192,"column":43}},"26":{"start":{"line":196,"column":2},"end":{"line":196,"column":35}},"27":{"start":{"line":200,"column":2},"end":{"line":200,"column":43}},"28":{"start":{"line":204,"column":2},"end":{"line":204,"column":30}},"29":{"start":{"line":208,"column":2},"end":{"line":208,"column":37}},"30":{"start":{"line":211,"column":2},"end":{"line":211,"column":33}},"31":{"start":{"line":219,"column":2},"end":{"line":219,"column":42}}},"fnMap":{"0":{"name":"generateResetComponent","decl":{"start":{"line":85,"column":9},"end":{"line":85,"column":31}},"loc":{"start":{"line":85,"column":74},"end":{"line":98,"column":1}},"line":85},"1":{"name":"(anonymous_1)","decl":{"start":{"line":91,"column":15},"end":{"line":91,"column":16}},"loc":{"start":{"line":91,"column":21},"end":{"line":94,"column":7}},"line":91},"2":{"name":"generateSubmitComponent","decl":{"start":{"line":100,"column":9},"end":{"line":100,"column":32}},"loc":{"start":{"line":100,"column":77},"end":{"line":119,"column":1}},"line":100},"3":{"name":"(anonymous_3)","decl":{"start":{"line":106,"column":15},"end":{"line":106,"column":16}},"loc":{"start":{"line":106,"column":21},"end":{"line":115,"column":7}},"line":106},"4":{"name":"(anonymous_4)","decl":{"start":{"line":109,"column":16},"end":{"line":109,"column":17}},"loc":{"start":{"line":109,"column":22},"end":{"line":111,"column":11}},"line":109},"5":{"name":"(anonymous_5)","decl":{"start":{"line":112,"column":17},"end":{"line":112,"column":18}},"loc":{"start":{"line":112,"column":23},"end":{"line":114,"column":11}},"line":112},"6":{"name":"generateTextAreaComponent","decl":{"start":{"line":122,"column":9},"end":{"line":122,"column":34}},"loc":{"start":{"line":122,"column":84},"end":{"line":135,"column":1}},"line":122},"7":{"name":"generatetransferComponent","decl":{"start":{"line":137,"column":9},"end":{"line":137,"column":34}},"loc":{"start":{"line":137,"column":84},"end":{"line":140,"column":1}},"line":137},"8":{"name":"generateAutoCompleteComponent","decl":{"start":{"line":142,"column":9},"end":{"line":142,"column":38}},"loc":{"start":{"line":142,"column":88},"end":{"line":144,"column":1}},"line":142},"9":{"name":"generateRadioComponent","decl":{"start":{"line":145,"column":9},"end":{"line":145,"column":31}},"loc":{"start":{"line":145,"column":81},"end":{"line":147,"column":1}},"line":145},"10":{"name":"generateRadioGroupComponent","decl":{"start":{"line":148,"column":9},"end":{"line":148,"column":36}},"loc":{"start":{"line":148,"column":86},"end":{"line":150,"column":1}},"line":148},"11":{"name":"generateCheckboxComponent","decl":{"start":{"line":151,"column":9},"end":{"line":151,"column":34}},"loc":{"start":{"line":151,"column":84},"end":{"line":153,"column":1}},"line":151},"12":{"name":"generateCheckboxGroupComponent","decl":{"start":{"line":154,"column":9},"end":{"line":154,"column":39}},"loc":{"start":{"line":154,"column":89},"end":{"line":156,"column":1}},"line":154},"13":{"name":"generateSwitchComponent","decl":{"start":{"line":158,"column":9},"end":{"line":158,"column":32}},"loc":{"start":{"line":158,"column":82},"end":{"line":160,"column":1}},"line":158},"14":{"name":"generateSelectComponent","decl":{"start":{"line":161,"column":9},"end":{"line":161,"column":32}},"loc":{"start":{"line":161,"column":82},"end":{"line":163,"column":1}},"line":161},"15":{"name":"generateSliderComponent","decl":{"start":{"line":165,"column":9},"end":{"line":165,"column":32}},"loc":{"start":{"line":165,"column":82},"end":{"line":169,"column":1}},"line":165},"16":{"name":"generateDatePickerComponent","decl":{"start":{"line":170,"column":9},"end":{"line":170,"column":36}},"loc":{"start":{"line":170,"column":86},"end":{"line":172,"column":1}},"line":170},"17":{"name":"generateRangePickerComponent","decl":{"start":{"line":173,"column":9},"end":{"line":173,"column":37}},"loc":{"start":{"line":173,"column":87},"end":{"line":175,"column":1}},"line":173},"18":{"name":"generateTimePickerComponent","decl":{"start":{"line":176,"column":9},"end":{"line":176,"column":36}},"loc":{"start":{"line":176,"column":86},"end":{"line":179,"column":1}},"line":176},"19":{"name":"generateInputNumberComponent","decl":{"start":{"line":182,"column":9},"end":{"line":182,"column":37}},"loc":{"start":{"line":182,"column":87},"end":{"line":184,"column":1}},"line":182},"20":{"name":"generateRateComponent","decl":{"start":{"line":185,"column":9},"end":{"line":185,"column":30}},"loc":{"start":{"line":185,"column":80},"end":{"line":187,"column":1}},"line":185},"21":{"name":"generateUploadComponent","decl":{"start":{"line":191,"column":9},"end":{"line":191,"column":32}},"loc":{"start":{"line":191,"column":82},"end":{"line":193,"column":1}},"line":191},"22":{"name":"generateTreeSelectComponent","decl":{"start":{"line":195,"column":9},"end":{"line":195,"column":36}},"loc":{"start":{"line":195,"column":86},"end":{"line":197,"column":1}},"line":195},"23":{"name":"generateButtonComponent","decl":{"start":{"line":199,"column":9},"end":{"line":199,"column":32}},"loc":{"start":{"line":199,"column":82},"end":{"line":201,"column":1}},"line":199},"24":{"name":"generateInputComponent","decl":{"start":{"line":203,"column":9},"end":{"line":203,"column":31}},"loc":{"start":{"line":203,"column":81},"end":{"line":205,"column":1}},"line":203},"25":{"name":"generateSearchComponent","decl":{"start":{"line":207,"column":9},"end":{"line":207,"column":32}},"loc":{"start":{"line":207,"column":82},"end":{"line":209,"column":1}},"line":207},"26":{"name":"generateCascaderComponent","decl":{"start":{"line":210,"column":9},"end":{"line":210,"column":34}},"loc":{"start":{"line":210,"column":84},"end":{"line":212,"column":1}},"line":210},"27":{"name":"generateFormItemComponent","decl":{"start":{"line":214,"column":9},"end":{"line":214,"column":34}},"loc":{"start":{"line":218,"column":2},"end":{"line":220,"column":1}},"line":218}},"branchMap":{"0":{"loc":{"start":{"line":124,"column":2},"end":{"line":133,"column":3}},"type":"if","locations":[{"start":{"line":124,"column":2},"end":{"line":133,"column":3}},{"start":{"line":124,"column":2},"end":{"line":133,"column":3}}],"line":124},"1":{"loc":{"start":{"line":124,"column":6},"end":{"line":124,"column":52}},"type":"binary-expr","locations":[{"start":{"line":124,"column":6},"end":{"line":124,"column":17}},{"start":{"line":124,"column":21},"end":{"line":124,"column":52}}],"line":124},"2":{"loc":{"start":{"line":129,"column":34},"end":{"line":129,"column":107}},"type":"binary-expr","locations":[{"start":{"line":129,"column":34},"end":{"line":129,"column":48}},{"start":{"line":129,"column":53},"end":{"line":129,"column":71}},{"start":{"line":129,"column":76},"end":{"line":129,"column":105}}],"line":129}},"s":{"0":17,"1":0,"2":0,"3":0,"4":0,"5":0,"6":0,"7":0,"8":0,"9":0,"10":0,"11":1,"12":0,"13":1,"14":0,"15":1,"16":0,"17":1,"18":1,"19":1,"20":1,"21":1,"22":1,"23":1,"24":1,"25":1,"26":1,"27":1,"28":1,"29":1,"30":1,"31":34},"f":{"0":0,"1":0,"2":0,"3":0,"4":0,"5":0,"6":0,"7":1,"8":0,"9":1,"10":0,"11":1,"12":0,"13":1,"14":1,"15":1,"16":1,"17":1,"18":1,"19":1,"20":1,"21":1,"22":1,"23":1,"24":1,"25":1,"26":1,"27":34},"b":{"0":[0,0],"1":[0,0],"2":[0,0,0]},"_coverageSchema":"1a1c01bbd47fc00a2c39e90264f33305004495a9","hash":"aefe06978d49fe826a839513736c5aff8e999b55"}
}
