TN:
SF:src/index.tsx
FN:60,processSubmitOrReset
FN:83,(anonymous_1)
FN:84,(anonymous_2)
FN:88,(anonymous_3)
FNF:4
FNH:4
FNDA:17,processSubmitOrReset
FNDA:17,(anonymous_1)
FNDA:17,(anonymous_2)
FNDA:17,(anonymous_3)
DA:65,17
DA:66,17
DA:67,0
DA:69,17
DA:70,0
DA:73,17
DA:74,17
DA:75,17
DA:79,17
DA:80,17
DA:83,17
DA:84,17
DA:85,17
DA:86,0
DA:88,17
DA:89,17
DA:90,17
DA:92,17
DA:93,17
DA:95,17
DA:96,17
DA:98,17
LF:22
LH:19
BRDA:66,0,0,0
BRDA:66,0,1,17
BRDA:69,1,0,0
BRDA:69,1,1,17
BRDA:74,2,0,17
BRDA:74,2,1,0
BRDA:75,3,0,0
BRDA:75,3,1,17
BRDA:76,4,0,0
BRDA:76,4,1,0
BRDA:77,5,0,17
BRDA:77,5,1,17
BRDA:85,6,0,0
BRDA:85,6,1,17
BRDA:90,7,0,17
BRDA:90,7,1,0
BRF:16
BRH:8
end_of_record
TN:
SF:src/utils.ts
FN:85,generateResetComponent
FN:91,(anonymous_1)
FN:100,generateSubmitComponent
FN:106,(anonymous_3)
FN:109,(anonymous_4)
FN:112,(anonymous_5)
FN:122,generateTextAreaComponent
FN:137,generatetransferComponent
FN:142,generateAutoCompleteComponent
FN:145,generateRadioComponent
FN:148,generateRadioGroupComponent
FN:151,generateCheckboxComponent
FN:154,generateCheckboxGroupComponent
FN:158,generateSwitchComponent
FN:161,generateSelectComponent
FN:165,generateSliderComponent
FN:170,generateDatePickerComponent
FN:173,generateRangePickerComponent
FN:176,generateTimePickerComponent
FN:182,generateInputNumberComponent
FN:185,generateRateComponent
FN:191,generateUploadComponent
FN:195,generateTreeSelectComponent
FN:199,generateButtonComponent
FN:203,generateInputComponent
FN:207,generateSearchComponent
FN:210,generateCascaderComponent
FN:214,generateFormItemComponent
FNF:28
FNH:18
FNDA:0,generateResetComponent
FNDA:0,(anonymous_1)
FNDA:0,generateSubmitComponent
FNDA:0,(anonymous_3)
FNDA:0,(anonymous_4)
FNDA:0,(anonymous_5)
FNDA:0,generateTextAreaComponent
FNDA:1,generatetransferComponent
FNDA:0,generateAutoCompleteComponent
FNDA:1,generateRadioComponent
FNDA:0,generateRadioGroupComponent
FNDA:1,generateCheckboxComponent
FNDA:0,generateCheckboxGroupComponent
FNDA:1,generateSwitchComponent
FNDA:1,generateSelectComponent
FNDA:1,generateSliderComponent
FNDA:1,generateDatePickerComponent
FNDA:1,generateRangePickerComponent
FNDA:1,generateTimePickerComponent
FNDA:1,generateInputNumberComponent
FNDA:1,generateRateComponent
FNDA:1,generateUploadComponent
FNDA:1,generateTreeSelectComponent
FNDA:1,generateButtonComponent
FNDA:1,generateInputComponent
FNDA:1,generateSearchComponent
FNDA:1,generateCascaderComponent
FNDA:34,generateFormItemComponent
DA:58,17
DA:86,0
DA:92,0
DA:93,0
DA:101,0
DA:107,0
DA:110,0
DA:113,0
DA:124,0
DA:125,0
DA:134,0
DA:139,1
DA:143,0
DA:146,1
DA:149,0
DA:152,1
DA:155,0
DA:159,1
DA:162,1
DA:168,1
DA:171,1
DA:174,1
DA:178,1
DA:183,1
DA:186,1
DA:192,1
DA:196,1
DA:200,1
DA:204,1
DA:208,1
DA:211,1
DA:219,34
LF:32
LH:19
BRDA:124,0,0,0
BRDA:124,0,1,0
BRDA:124,1,0,0
BRDA:124,1,1,0
BRDA:129,2,0,0
BRDA:129,2,1,0
BRDA:129,2,2,0
BRF:7
BRH:0
end_of_record
