TN:
SF:src/index.tsx
FN:46,processSubmitOrReset
FN:69,(anonymous_1)
FN:70,(anonymous_2)
FN:74,(anonymous_3)
FNF:4
FNH:4
FNDA:6,processSubmitOrReset
FNDA:6,(anonymous_1)
FNDA:6,(anonymous_2)
FNDA:6,(anonymous_3)
DA:51,6
DA:52,6
DA:53,0
DA:55,6
DA:56,0
DA:59,6
DA:60,6
DA:61,6
DA:65,6
DA:66,6
DA:69,6
DA:70,6
DA:71,6
DA:72,0
DA:74,6
DA:75,6
DA:76,6
DA:78,6
DA:79,6
DA:81,6
DA:82,6
DA:84,6
LF:22
LH:19
BRDA:52,0,0,0
BRDA:52,0,1,6
BRDA:55,1,0,0
BRDA:55,1,1,6
BRDA:60,2,0,6
BRDA:60,2,1,0
BRDA:61,3,0,0
BRDA:61,3,1,6
BRDA:62,4,0,0
BRDA:62,4,1,0
BRDA:63,5,0,6
BRDA:63,5,1,6
BRDA:71,6,0,0
BRDA:71,6,1,6
BRDA:76,7,0,6
BRDA:76,7,1,0
BRF:16
BRH:8
end_of_record
TN:
SF:src/utils.ts
FN:83,generateResetComponent
FN:89,(anonymous_1)
FN:98,generateSubmitComponent
FN:104,(anonymous_3)
FN:107,(anonymous_4)
FN:110,(anonymous_5)
FN:120,generateTextAreaComponent
FN:135,generatetransferComponent
FN:140,generateAutoCompleteComponent
FN:143,generateRadioComponent
FN:146,generateRadioGroupComponent
FN:149,generateCheckboxComponent
FN:152,generateCheckboxGroupComponent
FN:156,generateSwitchComponent
FN:159,generateSelectComponent
FN:163,generateSliderComponent
FN:168,generateDatePickerComponent
FN:171,generateRangePickerComponent
FN:174,generateTimePickerComponent
FN:180,generateInputNumberComponent
FN:183,generateRateComponent
FN:189,generateUploadComponent
FN:193,generateTreeSelectComponent
FN:197,generateButtonComponent
FN:201,generateInputComponent
FN:205,generateCascaderComponent
FN:209,generateFormItemComponent
FNF:27
FNH:7
FNDA:0,generateResetComponent
FNDA:0,(anonymous_1)
FNDA:0,generateSubmitComponent
FNDA:0,(anonymous_3)
FNDA:0,(anonymous_4)
FNDA:0,(anonymous_5)
FNDA:0,generateTextAreaComponent
FNDA:0,generatetransferComponent
FNDA:0,generateAutoCompleteComponent
FNDA:0,generateRadioComponent
FNDA:0,generateRadioGroupComponent
FNDA:1,generateCheckboxComponent
FNDA:0,generateCheckboxGroupComponent
FNDA:1,generateSwitchComponent
FNDA:0,generateSelectComponent
FNDA:1,generateSliderComponent
FNDA:0,generateDatePickerComponent
FNDA:0,generateRangePickerComponent
FNDA:0,generateTimePickerComponent
FNDA:0,generateInputNumberComponent
FNDA:1,generateRateComponent
FNDA:0,generateUploadComponent
FNDA:0,generateTreeSelectComponent
FNDA:1,generateButtonComponent
FNDA:1,generateInputComponent
FNDA:0,generateCascaderComponent
FNDA:12,generateFormItemComponent
DA:57,6
DA:84,0
DA:90,0
DA:91,0
DA:99,0
DA:105,0
DA:108,0
DA:111,0
DA:122,0
DA:123,0
DA:132,0
DA:137,0
DA:141,0
DA:144,0
DA:147,0
DA:150,1
DA:153,0
DA:157,1
DA:160,0
DA:166,1
DA:169,0
DA:172,0
DA:176,0
DA:181,0
DA:184,1
DA:190,0
DA:194,0
DA:198,1
DA:202,1
DA:206,0
DA:214,12
LF:31
LH:8
BRDA:122,0,0,0
BRDA:122,0,1,0
BRDA:122,1,0,0
BRDA:122,1,1,0
BRDA:127,2,0,0
BRDA:127,2,1,0
BRDA:127,2,2,0
BRF:7
BRH:0
end_of_record
